\BOOKMARK [1][-]{section.1}{Introducci\363n}{}% 1
\BOOKMARK [1][-]{section.2}{Bases de datos utilizadas}{}% 2
\BOOKMARK [2][-]{subsection.2.1}{Base de datos sint\351tica: Toy}{section.2}% 3
\BOOKMARK [1][-]{section.3}{Modelo propuesto}{}% 4
\BOOKMARK [1][-]{section.4}{Procesamiento de los datos}{}% 5
\BOOKMARK [2][-]{subsection.4.1}{Lectura eficiente}{section.4}% 6
\BOOKMARK [1][-]{section.5}{Caracter\355sticas de desarrollo}{}% 7
\BOOKMARK [2][-]{subsection.5.1}{Eliminaci\363n de ambig\374edades}{section.5}% 8
\BOOKMARK [2][-]{subsection.5.2}{Atenci\363n eficiente}{section.5}% 9
\BOOKMARK [2][-]{subsection.5.3}{Codificaci\363n posicional 2-dimensional}{section.5}% 10
\BOOKMARK [2][-]{subsection.5.4}{M\351trica BLEU}{section.5}% 11
\BOOKMARK [1][-]{section.6}{Par\341metros del modelo}{}% 12
\BOOKMARK [1][-]{section.7}{Experimentos}{}% 13
\BOOKMARK [2][-]{subsection.7.1}{Experimentos sobre Toy}{section.7}% 14
\BOOKMARK [3][-]{subsubsection.7.1.1}{Experimento inicial sobre Toy}{subsection.7.1}% 15
\BOOKMARK [3][-]{subsubsection.7.1.2}{ResNet}{subsection.7.1}% 16
\BOOKMARK [3][-]{subsubsection.7.1.3}{Atenci\363n R\341pida}{subsection.7.1}% 17
\BOOKMARK [2][-]{subsection.7.2}{Experimentos sobre Im2Latex}{section.7}% 18
\BOOKMARK [3][-]{subsubsection.7.2.1}{Experimento inicial}{subsection.7.2}% 19
\BOOKMARK [3][-]{subsubsection.7.2.2}{Eliminar ambig\374edades}{subsection.7.2}% 20
\BOOKMARK [3][-]{subsubsection.7.2.3}{Atenci\363n r\341pida}{subsection.7.2}% 21
\BOOKMARK [3][-]{subsubsection.7.2.4}{ResNet}{subsection.7.2}% 22
\BOOKMARK [3][-]{subsubsection.7.2.5}{Codificaci\363n positional 2-dimensional}{subsection.7.2}% 23
\BOOKMARK [3][-]{subsubsection.7.2.6}{Learning rate modificado}{subsection.7.2}% 24
\BOOKMARK [2][-]{subsection.7.3}{Experimentos finales}{section.7}% 25
\BOOKMARK [3][-]{subsubsection.7.3.1}{Big boy}{subsection.7.3}% 26
\BOOKMARK [3][-]{subsubsection.7.3.2}{Bigger boy}{subsection.7.3}% 27
\BOOKMARK [3][-]{subsubsection.7.3.3}{Lattest boy \(estudio sobre test\)}{subsection.7.3}% 28
